[31m

processing file: manuscript.qmd
[39m1/29                        
2/29 [load-libraries]       
3/29                        
4/29 [load-data]            
5/29                        
6/29 [prepare gaming data]  
[31mError in `mutate()`:
ℹ In argument: `date = lubridate::as_date(date)`.
Caused by error in `as.Date.default()`:
! do not know how to convert 'x' to class "Date"
Backtrace:
     ▆
  1. ├─base::lapply(selfreport_versions, build_gaming_inputs)
  2. │ └─global FUN(X[[i]], ...)
  3. │   ├─dplyr::mutate(...)
  4. │   └─dplyr:::mutate.data.frame(...)
  5. │     └─dplyr:::mutate_cols(.data, dplyr_quosures(...), by)
  6. │       ├─base::withCallingHandlers(...)
  7. │       └─dplyr:::mutate_col(dots[[i]], data, mask, new_columns)
  8. │         └─mask$eval_all_mutate(quo)
  9. │           └─dplyr (local) eval()
 10. ├─lubridate::as_date(date)
 11. ├─lubridate::as_date(date)
 12. │ ├─base::as.Date(x, ...)
 13. │ └─base::as.Date.default(x, ...)
 14. │   └─base::stop(...)
 15. └─base::.handleSimpleError(...)
 16.   └─dplyr (local) h(simpleError(msg, call))
 17.     └─rlang::abort(message, class = error_class, parent = parent, call = error_call)
[39m[31m
Quitting from manuscript.qmd:179-225 [prepare gaming data]
[39m[31mExecution halted
[39m[33mWARN: Error encountered when rendering files[39m
