[31m

processing file: manuscript.qmd
[39m1/29                        
2/29 [load-libraries]       
3/29                        
4/29 [load-data]            
5/29                        
6/29 [prepare gaming data]  
[31mError in `mutate()`:
ℹ In argument: `isWeekend = ifelse(weekdays(date) %in% c("Friday",
  "Saturday"), 1, 0)`.
Caused by error in `UseMethod()`:
! no applicable method for 'weekdays' applied to an object of class "function"
Backtrace:
     ▆
  1. ├─base::lapply(selfreport_versions, build_gaming_inputs)
  2. │ └─global FUN(X[[i]], ...)
  3. │   ├─dplyr::mutate(...)
  4. │   └─dplyr:::mutate.data.frame(...)
  5. │     └─dplyr:::mutate_cols(.data, dplyr_quosures(...), by)
  6. │       ├─base::withCallingHandlers(...)
  7. │       └─dplyr:::mutate_col(dots[[i]], data, mask, new_columns)
  8. │         └─mask$eval_all_mutate(quo)
  9. │           └─dplyr (local) eval()
 10. ├─base::ifelse(...)
 11. ├─weekdays(date) %in% c("Friday", "Saturday")
 12. ├─base::weekdays(date)
 13. └─base::.handleSimpleError(...)
 14.   └─dplyr (local) h(simpleError(msg, call))
 15.     └─rlang::abort(message, class = error_class, parent = parent, call = error_call)
[39m[31m
Quitting from manuscript.qmd:179-224 [prepare gaming data]
[39m[31mExecution halted
[39m[33mWARN: Error encountered when rendering files[39m
